<?xml version="1.0" encoding="UTF-8"?>
<!-- Generated by org.testng.reporters.JUnitReportReporter -->
<testsuite hostname="Brijesh" failures="0" tests="1" name="com.crm.qa.testcases.CartTest" time="0.002" errors="0" timestamp="11 Aug. 2023 05:32:06 GMT" skipped="0">
  <testcase classname="com.crm.qa.testcases.CartTest" name="addItems" time="0.002"/>
</testsuite> <!-- com.crm.qa.testcases.CartTest -->
