<?xml version="1.0" encoding="UTF-8"?>
<!-- Generated by org.testng.reporters.JUnitReportReporter -->
<testsuite hostname="Brijesh" failures="0" tests="3" name="com.crm.qa.testcases.LoginPageTest" time="7.893" errors="0" timestamp="12 Aug. 2023 21:42:56 GMT" skipped="0">
  <testcase classname="com.crm.qa.testcases.LoginPageTest" name="loginPageTitleTest" time="1.860"/>
  <testcase classname="com.crm.qa.testcases.LoginPageTest" name="loginTest" time="2.071"/>
  <testcase classname="com.crm.qa.testcases.LoginPageTest" name="validateHomePage" time="3.962"/>
</testsuite> <!-- com.crm.qa.testcases.LoginPageTest -->
